0 info it worked if it ends with ok
1 verbose cli [ '/usr/local/bin/node',
1 verbose cli   '/usr/local/bin/npm',
1 verbose cli   'install',
1 verbose cli   '--save',
1 verbose cli   'angular-route@1.2.26' ]
2 info using npm@2.15.9
3 info using node@v4.5.0
4 verbose install initial load of /Users/linhp/Documents/275_Project/nodejs/package.json
5 verbose installManyTop reading scoped package data from /Users/linhp/Documents/275_Project/nodejs/node_modules/body-parser/package.json
6 verbose installManyTop reading scoped package data from /Users/linhp/Documents/275_Project/nodejs/node_modules/client-sessions/package.json
7 verbose installManyTop reading scoped package data from /Users/linhp/Documents/275_Project/nodejs/node_modules/cookie-parser/package.json
8 verbose installManyTop reading scoped package data from /Users/linhp/Documents/275_Project/nodejs/node_modules/crypto/package.json
9 verbose installManyTop reading scoped package data from /Users/linhp/Documents/275_Project/nodejs/node_modules/debug/package.json
10 verbose installManyTop reading scoped package data from /Users/linhp/Documents/275_Project/nodejs/node_modules/ejs/package.json
11 verbose installManyTop reading scoped package data from /Users/linhp/Documents/275_Project/nodejs/node_modules/express/package.json
12 verbose installManyTop reading scoped package data from /Users/linhp/Documents/275_Project/nodejs/node_modules/express-session/package.json
13 verbose installManyTop reading scoped package data from /Users/linhp/Documents/275_Project/nodejs/node_modules/formidable/package.json
14 verbose installManyTop reading scoped package data from /Users/linhp/Documents/275_Project/nodejs/node_modules/http/package.json
15 verbose installManyTop reading scoped package data from /Users/linhp/Documents/275_Project/nodejs/node_modules/morgan/package.json
16 verbose installManyTop reading scoped package data from /Users/linhp/Documents/275_Project/nodejs/node_modules/randomstring/package.json
17 verbose installManyTop reading scoped package data from /Users/linhp/Documents/275_Project/nodejs/node_modules/request/package.json
18 verbose installManyTop reading scoped package data from /Users/linhp/Documents/275_Project/nodejs/node_modules/serve-favicon/package.json
19 info package.json crypto@0.0.3 crypto is also the name of a node core module.
20 info package.json crypto@0.0.3 No license field.
21 info package.json http@0.0.0 http is also the name of a node core module.
22 info package.json http@0.0.0 No description
23 info package.json http@0.0.0 No repository field.
24 info package.json http@0.0.0 No README data
25 verbose readDependencies loading dependencies from /Users/linhp/Documents/275_Project/nodejs/package.json
26 silly cache add args [ 'angular-route@1.2.26', null ]
27 verbose cache add spec angular-route@1.2.26
28 silly cache add parsed spec Result {
28 silly cache add   raw: 'angular-route@1.2.26',
28 silly cache add   scope: null,
28 silly cache add   name: 'angular-route',
28 silly cache add   rawSpec: '1.2.26',
28 silly cache add   spec: '1.2.26',
28 silly cache add   type: 'version' }
29 silly addNamed angular-route@1.2.26
30 verbose addNamed "1.2.26" is a plain semver version for angular-route
31 silly mapToRegistry name angular-route
32 silly mapToRegistry using default registry
33 silly mapToRegistry registry https://registry.npmjs.org/
34 silly mapToRegistry data Result {
34 silly mapToRegistry   raw: 'angular-route',
34 silly mapToRegistry   scope: null,
34 silly mapToRegistry   name: 'angular-route',
34 silly mapToRegistry   rawSpec: '',
34 silly mapToRegistry   spec: 'latest',
34 silly mapToRegistry   type: 'tag' }
35 silly mapToRegistry uri https://registry.npmjs.org/angular-route
36 verbose addNameVersion registry:https://registry.npmjs.org/angular-route not in flight; fetching
37 verbose request uri https://registry.npmjs.org/angular-route
38 verbose request no auth needed
39 info attempt registry request try #1 at 11:53:08 AM
40 verbose request id edf89355fb908229
41 http request GET https://registry.npmjs.org/angular-route
42 http 200 https://registry.npmjs.org/angular-route
43 verbose headers { server: 'nginx/1.10.1',
43 verbose headers   'content-type': 'application/json',
43 verbose headers   'last-modified': 'Fri, 07 Apr 2017 14:50:17 GMT',
43 verbose headers   etag: 'W/"58e7a729-17d06"',
43 verbose headers   'content-encoding': 'gzip',
43 verbose headers   'cache-control': 'max-age=300',
43 verbose headers   'content-length': '10487',
43 verbose headers   'accept-ranges': 'bytes',
43 verbose headers   date: 'Wed, 10 May 2017 18:53:08 GMT',
43 verbose headers   via: '1.1 varnish',
43 verbose headers   age: '279',
43 verbose headers   connection: 'keep-alive',
43 verbose headers   'x-served-by': 'cache-sjc3139-SJC',
43 verbose headers   'x-cache': 'HIT',
43 verbose headers   'x-cache-hits': '1',
43 verbose headers   'x-timer': 'S1494442388.473790,VS0,VE1',
43 verbose headers   vary: 'Accept-Encoding' }
44 silly get cb [ 200,
44 silly get   { server: 'nginx/1.10.1',
44 silly get     'content-type': 'application/json',
44 silly get     'last-modified': 'Fri, 07 Apr 2017 14:50:17 GMT',
44 silly get     etag: 'W/"58e7a729-17d06"',
44 silly get     'content-encoding': 'gzip',
44 silly get     'cache-control': 'max-age=300',
44 silly get     'content-length': '10487',
44 silly get     'accept-ranges': 'bytes',
44 silly get     date: 'Wed, 10 May 2017 18:53:08 GMT',
44 silly get     via: '1.1 varnish',
44 silly get     age: '279',
44 silly get     connection: 'keep-alive',
44 silly get     'x-served-by': 'cache-sjc3139-SJC',
44 silly get     'x-cache': 'HIT',
44 silly get     'x-cache-hits': '1',
44 silly get     'x-timer': 'S1494442388.473790,VS0,VE1',
44 silly get     vary: 'Accept-Encoding' } ]
45 verbose get saving angular-route to /Users/linhp/.npm/registry.npmjs.org/angular-route/.cache.json
46 verbose correctMkdir /Users/linhp/.npm correctMkdir not in flight; initializing
47 verbose stack Error: version not found: angular-route@1.2.26
47 verbose stack     at setData (/usr/local/lib/node_modules/npm/lib/cache/add-named.js:137:12)
47 verbose stack     at RES (/usr/local/lib/node_modules/npm/node_modules/inflight/inflight.js:23:14)
47 verbose stack     at f (/usr/local/lib/node_modules/npm/node_modules/once/once.js:17:25)
47 verbose stack     at fixName (/usr/local/lib/node_modules/npm/lib/cache/add-named.js:29:5)
47 verbose stack     at saved (/usr/local/lib/node_modules/npm/lib/cache/caching-client.js:173:7)
47 verbose stack     at /usr/local/lib/node_modules/npm/node_modules/graceful-fs/polyfills.js:210:7
47 verbose stack     at FSReqWrap.oncomplete (fs.js:82:15)
48 verbose statusCode 404
49 verbose cwd /Users/linhp/Documents/275_Project/nodejs
50 error Darwin 16.5.0
51 error argv "/usr/local/bin/node" "/usr/local/bin/npm" "install" "--save" "angular-route@1.2.26"
52 error node v4.5.0
53 error npm  v2.15.9
54 error version not found: angular-route@1.2.26
55 error If you need help, you may report this error at:
55 error     <https://github.com/npm/npm/issues>
56 verbose exit [ 1, true ]
